{"total": {"lines":{"total":129,"covered":55,"skipped":0,"pct":42.64},"statements":{"total":131,"covered":57,"skipped":0,"pct":43.51},"functions":{"total":67,"covered":7,"skipped":0,"pct":10.45},"branches":{"total":24,"covered":24,"skipped":0,"pct":100}}
,"/Users/brenmurrell/dev/personal/vinylbase/client/actions/albums.js": {"lines":{"total":41,"covered":10,"skipped":0,"pct":24.39},"functions":{"total":23,"covered":0,"skipped":0,"pct":0},"statements":{"total":41,"covered":10,"skipped":0,"pct":24.39},"branches":{"total":0,"covered":0,"skipped":0,"pct":100}}
,"/Users/brenmurrell/dev/personal/vinylbase/client/actions/artists.js": {"lines":{"total":31,"covered":8,"skipped":0,"pct":25.81},"functions":{"total":17,"covered":0,"skipped":0,"pct":0},"statements":{"total":31,"covered":8,"skipped":0,"pct":25.81},"branches":{"total":0,"covered":0,"skipped":0,"pct":100}}
,"/Users/brenmurrell/dev/personal/vinylbase/client/apis/albums.js": {"lines":{"total":13,"covered":1,"skipped":0,"pct":7.69},"functions":{"total":12,"covered":0,"skipped":0,"pct":0},"statements":{"total":13,"covered":1,"skipped":0,"pct":7.69},"branches":{"total":0,"covered":0,"skipped":0,"pct":100}}
,"/Users/brenmurrell/dev/personal/vinylbase/client/apis/artists.js": {"lines":{"total":9,"covered":1,"skipped":0,"pct":11.11},"functions":{"total":8,"covered":0,"skipped":0,"pct":0},"statements":{"total":9,"covered":1,"skipped":0,"pct":11.11},"branches":{"total":0,"covered":0,"skipped":0,"pct":100}}
,"/Users/brenmurrell/dev/personal/vinylbase/client/reducers/album.js": {"lines":{"total":6,"covered":6,"skipped":0,"pct":100},"functions":{"total":1,"covered":1,"skipped":0,"pct":100},"statements":{"total":6,"covered":6,"skipped":0,"pct":100},"branches":{"total":4,"covered":4,"skipped":0,"pct":100}}
,"/Users/brenmurrell/dev/personal/vinylbase/client/reducers/albums.js": {"lines":{"total":8,"covered":8,"skipped":0,"pct":100},"functions":{"total":2,"covered":2,"skipped":0,"pct":100},"statements":{"total":9,"covered":9,"skipped":0,"pct":100},"branches":{"total":6,"covered":6,"skipped":0,"pct":100}}
,"/Users/brenmurrell/dev/personal/vinylbase/client/reducers/artist.js": {"lines":{"total":6,"covered":6,"skipped":0,"pct":100},"functions":{"total":1,"covered":1,"skipped":0,"pct":100},"statements":{"total":6,"covered":6,"skipped":0,"pct":100},"branches":{"total":4,"covered":4,"skipped":0,"pct":100}}
,"/Users/brenmurrell/dev/personal/vinylbase/client/reducers/artistAlbums.js": {"lines":{"total":6,"covered":6,"skipped":0,"pct":100},"functions":{"total":1,"covered":1,"skipped":0,"pct":100},"statements":{"total":6,"covered":6,"skipped":0,"pct":100},"branches":{"total":4,"covered":4,"skipped":0,"pct":100}}
,"/Users/brenmurrell/dev/personal/vinylbase/client/reducers/artists.js": {"lines":{"total":8,"covered":8,"skipped":0,"pct":100},"functions":{"total":2,"covered":2,"skipped":0,"pct":100},"statements":{"total":9,"covered":9,"skipped":0,"pct":100},"branches":{"total":6,"covered":6,"skipped":0,"pct":100}}
,"/Users/brenmurrell/dev/personal/vinylbase/client/reducers/mock-data.js": {"lines":{"total":1,"covered":1,"skipped":0,"pct":100},"functions":{"total":0,"covered":0,"skipped":0,"pct":100},"statements":{"total":1,"covered":1,"skipped":0,"pct":100},"branches":{"total":0,"covered":0,"skipped":0,"pct":100}}
}
