{"/Users/brenmurrell/dev/personal/vinylbase/client/actions/albums.js": {"path":"/Users/brenmurrell/dev/personal/vinylbase/client/actions/albums.js","statementMap":{"0":{"start":{"line":3,"column":26},"end":{"line":3,"column":38}},"1":{"start":{"line":4,"column":25},"end":{"line":4,"column":36}},"2":{"start":{"line":5,"column":33},"end":{"line":5,"column":52}},"3":{"start":{"line":6,"column":25},"end":{"line":6,"column":36}},"4":{"start":{"line":7,"column":28},"end":{"line":7,"column":42}},"5":{"start":{"line":8,"column":29},"end":{"line":8,"column":44}},"6":{"start":{"line":9,"column":27},"end":{"line":9,"column":40}},"7":{"start":{"line":10,"column":28},"end":{"line":10,"column":42}},"8":{"start":{"line":11,"column":35},"end":{"line":11,"column":56}},"9":{"start":{"line":14,"column":2},"end":{"line":17,"column":3}},"10":{"start":{"line":21,"column":2},"end":{"line":24,"column":3}},"11":{"start":{"line":29,"column":2},"end":{"line":35,"column":3}},"12":{"start":{"line":30,"column":4},"end":{"line":34,"column":8}},"13":{"start":{"line":32,"column":8},"end":{"line":32,"column":33}},"14":{"start":{"line":33,"column":8},"end":{"line":33,"column":19}},"15":{"start":{"line":39,"column":2},"end":{"line":42,"column":3}},"16":{"start":{"line":46,"column":2},"end":{"line":49,"column":3}},"17":{"start":{"line":52,"column":28},"end":{"line":56,"column":1}},"18":{"start":{"line":53,"column":2},"end":{"line":55,"column":3}},"19":{"start":{"line":59,"column":2},"end":{"line":66,"column":3}},"20":{"start":{"line":60,"column":4},"end":{"line":65,"column":8}},"21":{"start":{"line":62,"column":8},"end":{"line":62,"column":35}},"22":{"start":{"line":63,"column":8},"end":{"line":63,"column":32}},"23":{"start":{"line":64,"column":8},"end":{"line":64,"column":19}},"24":{"start":{"line":70,"column":2},"end":{"line":76,"column":3}},"25":{"start":{"line":71,"column":4},"end":{"line":75,"column":8}},"26":{"start":{"line":73,"column":8},"end":{"line":73,"column":41}},"27":{"start":{"line":74,"column":8},"end":{"line":74,"column":19}},"28":{"start":{"line":80,"column":2},"end":{"line":94,"column":3}},"29":{"start":{"line":81,"column":4},"end":{"line":93,"column":8}},"30":{"start":{"line":83,"column":8},"end":{"line":83,"column":32}},"31":{"start":{"line":84,"column":8},"end":{"line":89,"column":12}},"32":{"start":{"line":86,"column":12},"end":{"line":86,"column":33}},"33":{"start":{"line":87,"column":12},"end":{"line":87,"column":41}},"34":{"start":{"line":88,"column":12},"end":{"line":88,"column":23}},"35":{"start":{"line":92,"column":8},"end":{"line":92,"column":54}},"36":{"start":{"line":98,"column":2},"end":{"line":101,"column":3}},"37":{"start":{"line":105,"column":2},"end":{"line":111,"column":3}},"38":{"start":{"line":106,"column":4},"end":{"line":110,"column":8}},"39":{"start":{"line":108,"column":8},"end":{"line":108,"column":47}},"40":{"start":{"line":109,"column":8},"end":{"line":109,"column":19}}},"fnMap":{"0":{"name":"setAlbum","decl":{"start":{"line":13,"column":16},"end":{"line":13,"column":24}},"loc":{"start":{"line":13,"column":33},"end":{"line":18,"column":1}},"line":13},"1":{"name":"pushAlbum","decl":{"start":{"line":20,"column":16},"end":{"line":20,"column":25}},"loc":{"start":{"line":20,"column":34},"end":{"line":25,"column":1}},"line":20},"2":{"name":"fetchAlbum","decl":{"start":{"line":28,"column":16},"end":{"line":28,"column":26}},"loc":{"start":{"line":28,"column":31},"end":{"line":36,"column":1}},"line":28},"3":{"name":"(anonymous_3)","decl":{"start":{"line":29,"column":9},"end":{"line":29,"column":10}},"loc":{"start":{"line":29,"column":21},"end":{"line":35,"column":3}},"line":29},"4":{"name":"(anonymous_4)","decl":{"start":{"line":31,"column":12},"end":{"line":31,"column":13}},"loc":{"start":{"line":31,"column":21},"end":{"line":34,"column":7}},"line":31},"5":{"name":"setAlbums","decl":{"start":{"line":38,"column":16},"end":{"line":38,"column":25}},"loc":{"start":{"line":38,"column":35},"end":{"line":43,"column":1}},"line":38},"6":{"name":"setArtistAlbums","decl":{"start":{"line":45,"column":16},"end":{"line":45,"column":31}},"loc":{"start":{"line":45,"column":41},"end":{"line":50,"column":1}},"line":45},"7":{"name":"(anonymous_7)","decl":{"start":{"line":52,"column":28},"end":{"line":52,"column":29}},"loc":{"start":{"line":52,"column":34},"end":{"line":56,"column":1}},"line":52},"8":{"name":"fetchAlbums","decl":{"start":{"line":58,"column":16},"end":{"line":58,"column":27}},"loc":{"start":{"line":58,"column":30},"end":{"line":67,"column":1}},"line":58},"9":{"name":"(anonymous_9)","decl":{"start":{"line":59,"column":9},"end":{"line":59,"column":10}},"loc":{"start":{"line":59,"column":21},"end":{"line":66,"column":3}},"line":59},"10":{"name":"(anonymous_10)","decl":{"start":{"line":61,"column":12},"end":{"line":61,"column":13}},"loc":{"start":{"line":61,"column":22},"end":{"line":65,"column":7}},"line":61},"11":{"name":"fetchAlbumsByArtist","decl":{"start":{"line":69,"column":16},"end":{"line":69,"column":35}},"loc":{"start":{"line":69,"column":46},"end":{"line":77,"column":1}},"line":69},"12":{"name":"(anonymous_12)","decl":{"start":{"line":70,"column":9},"end":{"line":70,"column":10}},"loc":{"start":{"line":70,"column":21},"end":{"line":76,"column":3}},"line":70},"13":{"name":"(anonymous_13)","decl":{"start":{"line":72,"column":12},"end":{"line":72,"column":13}},"loc":{"start":{"line":72,"column":22},"end":{"line":75,"column":7}},"line":72},"14":{"name":"addAlbum","decl":{"start":{"line":79,"column":16},"end":{"line":79,"column":24}},"loc":{"start":{"line":79,"column":47},"end":{"line":95,"column":1}},"line":79},"15":{"name":"(anonymous_15)","decl":{"start":{"line":80,"column":9},"end":{"line":80,"column":10}},"loc":{"start":{"line":80,"column":21},"end":{"line":94,"column":3}},"line":80},"16":{"name":"(anonymous_16)","decl":{"start":{"line":82,"column":12},"end":{"line":82,"column":13}},"loc":{"start":{"line":82,"column":23},"end":{"line":90,"column":7}},"line":82},"17":{"name":"(anonymous_17)","decl":{"start":{"line":85,"column":16},"end":{"line":85,"column":17}},"loc":{"start":{"line":85,"column":27},"end":{"line":89,"column":11}},"line":85},"18":{"name":"(anonymous_18)","decl":{"start":{"line":91,"column":13},"end":{"line":91,"column":14}},"loc":{"start":{"line":91,"column":20},"end":{"line":93,"column":7}},"line":91},"19":{"name":"removeAlbumFromState","decl":{"start":{"line":97,"column":16},"end":{"line":97,"column":36}},"loc":{"start":{"line":97,"column":46},"end":{"line":102,"column":1}},"line":97},"20":{"name":"removeAlbum","decl":{"start":{"line":104,"column":16},"end":{"line":104,"column":27}},"loc":{"start":{"line":104,"column":38},"end":{"line":112,"column":1}},"line":104},"21":{"name":"(anonymous_21)","decl":{"start":{"line":105,"column":9},"end":{"line":105,"column":10}},"loc":{"start":{"line":105,"column":21},"end":{"line":111,"column":3}},"line":105},"22":{"name":"(anonymous_22)","decl":{"start":{"line":107,"column":12},"end":{"line":107,"column":13}},"loc":{"start":{"line":107,"column":21},"end":{"line":110,"column":7}},"line":107}},"branchMap":{},"s":{"0":3,"1":3,"2":3,"3":3,"4":3,"5":3,"6":3,"7":3,"8":3,"9":0,"10":0,"11":0,"12":0,"13":0,"14":0,"15":0,"16":0,"17":3,"18":0,"19":0,"20":0,"21":0,"22":0,"23":0,"24":0,"25":0,"26":0,"27":0,"28":0,"29":0,"30":0,"31":0,"32":0,"33":0,"34":0,"35":0,"36":0,"37":0,"38":0,"39":0,"40":0},"f":{"0":0,"1":0,"2":0,"3":0,"4":0,"5":0,"6":0,"7":0,"8":0,"9":0,"10":0,"11":0,"12":0,"13":0,"14":0,"15":0,"16":0,"17":0,"18":0,"19":0,"20":0,"21":0,"22":0},"b":{},"_coverageSchema":"1a1c01bbd47fc00a2c39e90264f33305004495a9","hash":"94567fc02f016ae2a0500bb977af27217f987a31"}
,"/Users/brenmurrell/dev/personal/vinylbase/client/actions/artists.js": {"path":"/Users/brenmurrell/dev/personal/vinylbase/client/actions/artists.js","statementMap":{"0":{"start":{"line":3,"column":27},"end":{"line":3,"column":40}},"1":{"start":{"line":4,"column":26},"end":{"line":4,"column":38}},"2":{"start":{"line":5,"column":26},"end":{"line":5,"column":38}},"3":{"start":{"line":6,"column":29},"end":{"line":6,"column":44}},"4":{"start":{"line":7,"column":28},"end":{"line":7,"column":42}},"5":{"start":{"line":8,"column":29},"end":{"line":8,"column":44}},"6":{"start":{"line":9,"column":30},"end":{"line":9,"column":46}},"7":{"start":{"line":12,"column":2},"end":{"line":15,"column":3}},"8":{"start":{"line":19,"column":2},"end":{"line":22,"column":3}},"9":{"start":{"line":26,"column":2},"end":{"line":29,"column":3}},"10":{"start":{"line":33,"column":2},"end":{"line":41,"column":3}},"11":{"start":{"line":34,"column":4},"end":{"line":40,"column":8}},"12":{"start":{"line":36,"column":8},"end":{"line":36,"column":31}},"13":{"start":{"line":38,"column":8},"end":{"line":38,"column":42}},"14":{"start":{"line":39,"column":8},"end":{"line":39,"column":19}},"15":{"start":{"line":45,"column":2},"end":{"line":51,"column":3}},"16":{"start":{"line":46,"column":4},"end":{"line":50,"column":8}},"17":{"start":{"line":48,"column":8},"end":{"line":48,"column":49}},"18":{"start":{"line":49,"column":8},"end":{"line":49,"column":19}},"19":{"start":{"line":53,"column":30},"end":{"line":57,"column":2}},"20":{"start":{"line":54,"column":3},"end":{"line":56,"column":4}},"21":{"start":{"line":60,"column":2},"end":{"line":66,"column":3}},"22":{"start":{"line":61,"column":4},"end":{"line":65,"column":8}},"23":{"start":{"line":63,"column":8},"end":{"line":63,"column":35}},"24":{"start":{"line":64,"column":8},"end":{"line":64,"column":19}},"25":{"start":{"line":70,"column":2},"end":{"line":73,"column":3}},"26":{"start":{"line":77,"column":2},"end":{"line":84,"column":3}},"27":{"start":{"line":78,"column":4},"end":{"line":83,"column":8}},"28":{"start":{"line":80,"column":8},"end":{"line":80,"column":37}},"29":{"start":{"line":81,"column":8},"end":{"line":81,"column":33}},"30":{"start":{"line":82,"column":8},"end":{"line":82,"column":19}}},"fnMap":{"0":{"name":"setArtist","decl":{"start":{"line":11,"column":16},"end":{"line":11,"column":25}},"loc":{"start":{"line":11,"column":35},"end":{"line":16,"column":1}},"line":11},"1":{"name":"addArtistToProps","decl":{"start":{"line":18,"column":9},"end":{"line":18,"column":25}},"loc":{"start":{"line":18,"column":35},"end":{"line":23,"column":1}},"line":18},"2":{"name":"removeArtistFromStore","decl":{"start":{"line":25,"column":9},"end":{"line":25,"column":30}},"loc":{"start":{"line":25,"column":42},"end":{"line":30,"column":1}},"line":25},"3":{"name":"insertArtist","decl":{"start":{"line":32,"column":16},"end":{"line":32,"column":28}},"loc":{"start":{"line":32,"column":38},"end":{"line":42,"column":1}},"line":32},"4":{"name":"(anonymous_4)","decl":{"start":{"line":33,"column":9},"end":{"line":33,"column":10}},"loc":{"start":{"line":33,"column":21},"end":{"line":41,"column":3}},"line":33},"5":{"name":"(anonymous_5)","decl":{"start":{"line":35,"column":12},"end":{"line":35,"column":13}},"loc":{"start":{"line":35,"column":29},"end":{"line":40,"column":7}},"line":35},"6":{"name":"removeArtist","decl":{"start":{"line":44,"column":16},"end":{"line":44,"column":28}},"loc":{"start":{"line":44,"column":40},"end":{"line":52,"column":1}},"line":44},"7":{"name":"(anonymous_7)","decl":{"start":{"line":45,"column":9},"end":{"line":45,"column":10}},"loc":{"start":{"line":45,"column":21},"end":{"line":51,"column":3}},"line":45},"8":{"name":"(anonymous_8)","decl":{"start":{"line":47,"column":12},"end":{"line":47,"column":13}},"loc":{"start":{"line":47,"column":21},"end":{"line":50,"column":7}},"line":47},"9":{"name":"(anonymous_9)","decl":{"start":{"line":53,"column":30},"end":{"line":53,"column":31}},"loc":{"start":{"line":53,"column":36},"end":{"line":57,"column":2}},"line":53},"10":{"name":"fetchArtist","decl":{"start":{"line":59,"column":16},"end":{"line":59,"column":27}},"loc":{"start":{"line":59,"column":33},"end":{"line":67,"column":1}},"line":59},"11":{"name":"(anonymous_11)","decl":{"start":{"line":60,"column":9},"end":{"line":60,"column":10}},"loc":{"start":{"line":60,"column":21},"end":{"line":66,"column":3}},"line":60},"12":{"name":"(anonymous_12)","decl":{"start":{"line":62,"column":12},"end":{"line":62,"column":13}},"loc":{"start":{"line":62,"column":22},"end":{"line":65,"column":7}},"line":62},"13":{"name":"setArtists","decl":{"start":{"line":69,"column":16},"end":{"line":69,"column":26}},"loc":{"start":{"line":69,"column":36},"end":{"line":74,"column":1}},"line":69},"14":{"name":"fetchArtists","decl":{"start":{"line":76,"column":16},"end":{"line":76,"column":28}},"loc":{"start":{"line":76,"column":32},"end":{"line":85,"column":1}},"line":76},"15":{"name":"(anonymous_15)","decl":{"start":{"line":77,"column":9},"end":{"line":77,"column":10}},"loc":{"start":{"line":77,"column":21},"end":{"line":84,"column":3}},"line":77},"16":{"name":"(anonymous_16)","decl":{"start":{"line":79,"column":12},"end":{"line":79,"column":13}},"loc":{"start":{"line":79,"column":23},"end":{"line":83,"column":7}},"line":79}},"branchMap":{},"s":{"0":2,"1":2,"2":2,"3":2,"4":2,"5":2,"6":2,"7":0,"8":0,"9":0,"10":0,"11":0,"12":0,"13":0,"14":0,"15":0,"16":0,"17":0,"18":0,"19":2,"20":0,"21":0,"22":0,"23":0,"24":0,"25":0,"26":0,"27":0,"28":0,"29":0,"30":0},"f":{"0":0,"1":0,"2":0,"3":0,"4":0,"5":0,"6":0,"7":0,"8":0,"9":0,"10":0,"11":0,"12":0,"13":0,"14":0,"15":0,"16":0},"b":{},"_coverageSchema":"1a1c01bbd47fc00a2c39e90264f33305004495a9","hash":"13887200c6e4b4fb89f911cb9caada9ed3dca0b0"}
,"/Users/brenmurrell/dev/personal/vinylbase/client/apis/albums.js": {"path":"/Users/brenmurrell/dev/personal/vinylbase/client/apis/albums.js","statementMap":{"0":{"start":{"line":3,"column":16},"end":{"line":3,"column":25}},"1":{"start":{"line":6,"column":2},"end":{"line":9,"column":6}},"2":{"start":{"line":8,"column":6},"end":{"line":8,"column":21}},"3":{"start":{"line":13,"column":2},"end":{"line":16,"column":6}},"4":{"start":{"line":15,"column":6},"end":{"line":15,"column":21}},"5":{"start":{"line":20,"column":2},"end":{"line":23,"column":6}},"6":{"start":{"line":22,"column":6},"end":{"line":22,"column":21}},"7":{"start":{"line":27,"column":2},"end":{"line":31,"column":6}},"8":{"start":{"line":30,"column":6},"end":{"line":30,"column":21}},"9":{"start":{"line":35,"column":2},"end":{"line":39,"column":6}},"10":{"start":{"line":38,"column":6},"end":{"line":38,"column":21}},"11":{"start":{"line":43,"column":2},"end":{"line":47,"column":6}},"12":{"start":{"line":46,"column":6},"end":{"line":46,"column":21}}},"fnMap":{"0":{"name":"getAlbums","decl":{"start":{"line":5,"column":16},"end":{"line":5,"column":25}},"loc":{"start":{"line":5,"column":29},"end":{"line":10,"column":1}},"line":5},"1":{"name":"(anonymous_1)","decl":{"start":{"line":7,"column":10},"end":{"line":7,"column":11}},"loc":{"start":{"line":7,"column":17},"end":{"line":9,"column":5}},"line":7},"2":{"name":"getAlbum","decl":{"start":{"line":12,"column":16},"end":{"line":12,"column":24}},"loc":{"start":{"line":12,"column":30},"end":{"line":17,"column":1}},"line":12},"3":{"name":"(anonymous_3)","decl":{"start":{"line":14,"column":10},"end":{"line":14,"column":11}},"loc":{"start":{"line":14,"column":17},"end":{"line":16,"column":5}},"line":14},"4":{"name":"getAlbumsByArtist","decl":{"start":{"line":19,"column":16},"end":{"line":19,"column":33}},"loc":{"start":{"line":19,"column":45},"end":{"line":24,"column":1}},"line":19},"5":{"name":"(anonymous_5)","decl":{"start":{"line":21,"column":10},"end":{"line":21,"column":11}},"loc":{"start":{"line":21,"column":17},"end":{"line":23,"column":5}},"line":21},"6":{"name":"addAlbumArt","decl":{"start":{"line":26,"column":16},"end":{"line":26,"column":27}},"loc":{"start":{"line":26,"column":39},"end":{"line":32,"column":1}},"line":26},"7":{"name":"(anonymous_7)","decl":{"start":{"line":29,"column":10},"end":{"line":29,"column":11}},"loc":{"start":{"line":29,"column":17},"end":{"line":31,"column":5}},"line":29},"8":{"name":"addAlbumData","decl":{"start":{"line":34,"column":16},"end":{"line":34,"column":28}},"loc":{"start":{"line":34,"column":40},"end":{"line":40,"column":1}},"line":34},"9":{"name":"(anonymous_9)","decl":{"start":{"line":37,"column":10},"end":{"line":37,"column":11}},"loc":{"start":{"line":37,"column":17},"end":{"line":39,"column":5}},"line":37},"10":{"name":"deleteAlbum","decl":{"start":{"line":42,"column":16},"end":{"line":42,"column":27}},"loc":{"start":{"line":42,"column":38},"end":{"line":49,"column":1}},"line":42},"11":{"name":"(anonymous_11)","decl":{"start":{"line":45,"column":10},"end":{"line":45,"column":11}},"loc":{"start":{"line":45,"column":17},"end":{"line":47,"column":5}},"line":45}},"branchMap":{},"s":{"0":3,"1":0,"2":0,"3":0,"4":0,"5":0,"6":0,"7":0,"8":0,"9":0,"10":0,"11":0,"12":0},"f":{"0":0,"1":0,"2":0,"3":0,"4":0,"5":0,"6":0,"7":0,"8":0,"9":0,"10":0,"11":0},"b":{},"_coverageSchema":"1a1c01bbd47fc00a2c39e90264f33305004495a9","hash":"8b1ad7507e9fbf6e426f49db6566431d5e41f7fe"}
,"/Users/brenmurrell/dev/personal/vinylbase/client/apis/artists.js": {"path":"/Users/brenmurrell/dev/personal/vinylbase/client/apis/artists.js","statementMap":{"0":{"start":{"line":3,"column":16},"end":{"line":3,"column":25}},"1":{"start":{"line":6,"column":2},"end":{"line":9,"column":6}},"2":{"start":{"line":8,"column":6},"end":{"line":8,"column":21}},"3":{"start":{"line":13,"column":2},"end":{"line":16,"column":6}},"4":{"start":{"line":15,"column":6},"end":{"line":15,"column":21}},"5":{"start":{"line":20,"column":2},"end":{"line":23,"column":6}},"6":{"start":{"line":22,"column":6},"end":{"line":22,"column":21}},"7":{"start":{"line":27,"column":2},"end":{"line":31,"column":6}},"8":{"start":{"line":30,"column":6},"end":{"line":30,"column":21}}},"fnMap":{"0":{"name":"getArtists","decl":{"start":{"line":5,"column":16},"end":{"line":5,"column":26}},"loc":{"start":{"line":5,"column":30},"end":{"line":10,"column":1}},"line":5},"1":{"name":"(anonymous_1)","decl":{"start":{"line":7,"column":10},"end":{"line":7,"column":11}},"loc":{"start":{"line":7,"column":17},"end":{"line":9,"column":5}},"line":7},"2":{"name":"deleteArtist","decl":{"start":{"line":12,"column":16},"end":{"line":12,"column":28}},"loc":{"start":{"line":12,"column":34},"end":{"line":17,"column":1}},"line":12},"3":{"name":"(anonymous_3)","decl":{"start":{"line":14,"column":10},"end":{"line":14,"column":11}},"loc":{"start":{"line":14,"column":17},"end":{"line":16,"column":5}},"line":14},"4":{"name":"getArtist","decl":{"start":{"line":19,"column":16},"end":{"line":19,"column":25}},"loc":{"start":{"line":19,"column":31},"end":{"line":24,"column":1}},"line":19},"5":{"name":"(anonymous_5)","decl":{"start":{"line":21,"column":10},"end":{"line":21,"column":11}},"loc":{"start":{"line":21,"column":17},"end":{"line":23,"column":5}},"line":21},"6":{"name":"addArtist","decl":{"start":{"line":26,"column":16},"end":{"line":26,"column":25}},"loc":{"start":{"line":26,"column":35},"end":{"line":32,"column":1}},"line":26},"7":{"name":"(anonymous_7)","decl":{"start":{"line":29,"column":10},"end":{"line":29,"column":11}},"loc":{"start":{"line":29,"column":17},"end":{"line":31,"column":5}},"line":29}},"branchMap":{},"s":{"0":2,"1":0,"2":0,"3":0,"4":0,"5":0,"6":0,"7":0,"8":0},"f":{"0":0,"1":0,"2":0,"3":0,"4":0,"5":0,"6":0,"7":0},"b":{},"_coverageSchema":"1a1c01bbd47fc00a2c39e90264f33305004495a9","hash":"a4aad9a5ebd53480fd9285ee18826242469e1a13"}
,"/Users/brenmurrell/dev/personal/vinylbase/client/reducers/album.js": {"path":"/Users/brenmurrell/dev/personal/vinylbase/client/reducers/album.js","statementMap":{"0":{"start":{"line":3,"column":21},"end":{"line":3,"column":23}},"1":{"start":{"line":5,"column":16},"end":{"line":14,"column":1}},"2":{"start":{"line":6,"column":2},"end":{"line":13,"column":3}},"3":{"start":{"line":8,"column":6},"end":{"line":8,"column":25}},"4":{"start":{"line":10,"column":6},"end":{"line":10,"column":25}},"5":{"start":{"line":12,"column":6},"end":{"line":12,"column":18}}},"fnMap":{"0":{"name":"(anonymous_0)","decl":{"start":{"line":5,"column":16},"end":{"line":5,"column":17}},"loc":{"start":{"line":5,"column":50},"end":{"line":14,"column":1}},"line":5}},"branchMap":{"0":{"loc":{"start":{"line":5,"column":17},"end":{"line":5,"column":37}},"type":"default-arg","locations":[{"start":{"line":5,"column":25},"end":{"line":5,"column":37}}],"line":5},"1":{"loc":{"start":{"line":6,"column":2},"end":{"line":13,"column":3}},"type":"switch","locations":[{"start":{"line":7,"column":4},"end":{"line":8,"column":25}},{"start":{"line":9,"column":4},"end":{"line":10,"column":25}},{"start":{"line":11,"column":4},"end":{"line":12,"column":18}}],"line":6}},"s":{"0":1,"1":1,"2":3,"3":1,"4":1,"5":1},"f":{"0":3},"b":{"0":[2],"1":[1,1,1]},"_coverageSchema":"1a1c01bbd47fc00a2c39e90264f33305004495a9","hash":"643285697334b4d6ce7d1460d6ba869620fd4780"}
,"/Users/brenmurrell/dev/personal/vinylbase/client/reducers/albums.js": {"path":"/Users/brenmurrell/dev/personal/vinylbase/client/reducers/albums.js","statementMap":{"0":{"start":{"line":3,"column":21},"end":{"line":3,"column":23}},"1":{"start":{"line":5,"column":16},"end":{"line":18,"column":1}},"2":{"start":{"line":6,"column":2},"end":{"line":17,"column":3}},"3":{"start":{"line":8,"column":6},"end":{"line":8,"column":26}},"4":{"start":{"line":10,"column":6},"end":{"line":10,"column":37}},"5":{"start":{"line":12,"column":6},"end":{"line":12,"column":62}},"6":{"start":{"line":12,"column":35},"end":{"line":12,"column":61}},"7":{"start":{"line":14,"column":6},"end":{"line":14,"column":25}},"8":{"start":{"line":16,"column":6},"end":{"line":16,"column":18}}},"fnMap":{"0":{"name":"(anonymous_0)","decl":{"start":{"line":5,"column":16},"end":{"line":5,"column":17}},"loc":{"start":{"line":5,"column":50},"end":{"line":18,"column":1}},"line":5},"1":{"name":"(anonymous_1)","decl":{"start":{"line":12,"column":26},"end":{"line":12,"column":27}},"loc":{"start":{"line":12,"column":35},"end":{"line":12,"column":61}},"line":12}},"branchMap":{"0":{"loc":{"start":{"line":5,"column":17},"end":{"line":5,"column":37}},"type":"default-arg","locations":[{"start":{"line":5,"column":25},"end":{"line":5,"column":37}}],"line":5},"1":{"loc":{"start":{"line":6,"column":2},"end":{"line":17,"column":3}},"type":"switch","locations":[{"start":{"line":7,"column":4},"end":{"line":8,"column":26}},{"start":{"line":9,"column":4},"end":{"line":10,"column":37}},{"start":{"line":11,"column":4},"end":{"line":12,"column":62}},{"start":{"line":13,"column":4},"end":{"line":14,"column":25}},{"start":{"line":15,"column":4},"end":{"line":16,"column":18}}],"line":6}},"s":{"0":1,"1":1,"2":5,"3":1,"4":1,"5":1,"6":12,"7":1,"8":1},"f":{"0":5,"1":12},"b":{"0":[2],"1":[1,1,1,1,1]},"_coverageSchema":"1a1c01bbd47fc00a2c39e90264f33305004495a9","hash":"915ded8f83ec5c649b727ed0e3b1d32d933c9f50"}
,"/Users/brenmurrell/dev/personal/vinylbase/client/reducers/artist.js": {"path":"/Users/brenmurrell/dev/personal/vinylbase/client/reducers/artist.js","statementMap":{"0":{"start":{"line":3,"column":21},"end":{"line":3,"column":23}},"1":{"start":{"line":5,"column":16},"end":{"line":14,"column":1}},"2":{"start":{"line":6,"column":2},"end":{"line":13,"column":3}},"3":{"start":{"line":8,"column":6},"end":{"line":8,"column":26}},"4":{"start":{"line":10,"column":6},"end":{"line":10,"column":25}},"5":{"start":{"line":12,"column":6},"end":{"line":12,"column":18}}},"fnMap":{"0":{"name":"(anonymous_0)","decl":{"start":{"line":5,"column":16},"end":{"line":5,"column":17}},"loc":{"start":{"line":5,"column":50},"end":{"line":14,"column":1}},"line":5}},"branchMap":{"0":{"loc":{"start":{"line":5,"column":17},"end":{"line":5,"column":37}},"type":"default-arg","locations":[{"start":{"line":5,"column":25},"end":{"line":5,"column":37}}],"line":5},"1":{"loc":{"start":{"line":6,"column":2},"end":{"line":13,"column":3}},"type":"switch","locations":[{"start":{"line":7,"column":4},"end":{"line":8,"column":26}},{"start":{"line":9,"column":4},"end":{"line":10,"column":25}},{"start":{"line":11,"column":4},"end":{"line":12,"column":18}}],"line":6}},"s":{"0":1,"1":1,"2":3,"3":1,"4":1,"5":1},"f":{"0":3},"b":{"0":[2],"1":[1,1,1]},"_coverageSchema":"1a1c01bbd47fc00a2c39e90264f33305004495a9","hash":"09f2cc284f4a06a926c41e7d4882bbcf09376507"}
,"/Users/brenmurrell/dev/personal/vinylbase/client/reducers/artistAlbums.js": {"path":"/Users/brenmurrell/dev/personal/vinylbase/client/reducers/artistAlbums.js","statementMap":{"0":{"start":{"line":3,"column":21},"end":{"line":3,"column":23}},"1":{"start":{"line":5,"column":16},"end":{"line":14,"column":1}},"2":{"start":{"line":6,"column":2},"end":{"line":13,"column":3}},"3":{"start":{"line":8,"column":6},"end":{"line":8,"column":26}},"4":{"start":{"line":10,"column":6},"end":{"line":10,"column":25}},"5":{"start":{"line":12,"column":6},"end":{"line":12,"column":18}}},"fnMap":{"0":{"name":"(anonymous_0)","decl":{"start":{"line":5,"column":16},"end":{"line":5,"column":17}},"loc":{"start":{"line":5,"column":50},"end":{"line":14,"column":1}},"line":5}},"branchMap":{"0":{"loc":{"start":{"line":5,"column":17},"end":{"line":5,"column":37}},"type":"default-arg","locations":[{"start":{"line":5,"column":25},"end":{"line":5,"column":37}}],"line":5},"1":{"loc":{"start":{"line":6,"column":2},"end":{"line":13,"column":3}},"type":"switch","locations":[{"start":{"line":7,"column":4},"end":{"line":8,"column":26}},{"start":{"line":9,"column":4},"end":{"line":10,"column":25}},{"start":{"line":11,"column":4},"end":{"line":12,"column":18}}],"line":6}},"s":{"0":1,"1":1,"2":3,"3":1,"4":1,"5":1},"f":{"0":3},"b":{"0":[2],"1":[1,1,1]},"_coverageSchema":"1a1c01bbd47fc00a2c39e90264f33305004495a9","hash":"d84956ea617b2a3f5d44a9aabfc0e0fa29e66b81"}
,"/Users/brenmurrell/dev/personal/vinylbase/client/reducers/artists.js": {"path":"/Users/brenmurrell/dev/personal/vinylbase/client/reducers/artists.js","statementMap":{"0":{"start":{"line":3,"column":21},"end":{"line":3,"column":23}},"1":{"start":{"line":5,"column":16},"end":{"line":18,"column":1}},"2":{"start":{"line":6,"column":2},"end":{"line":17,"column":3}},"3":{"start":{"line":8,"column":6},"end":{"line":8,"column":27}},"4":{"start":{"line":10,"column":6},"end":{"line":10,"column":38}},"5":{"start":{"line":12,"column":6},"end":{"line":12,"column":66}},"6":{"start":{"line":12,"column":36},"end":{"line":12,"column":65}},"7":{"start":{"line":14,"column":6},"end":{"line":14,"column":25}},"8":{"start":{"line":16,"column":6},"end":{"line":16,"column":18}}},"fnMap":{"0":{"name":"(anonymous_0)","decl":{"start":{"line":5,"column":16},"end":{"line":5,"column":17}},"loc":{"start":{"line":5,"column":50},"end":{"line":18,"column":1}},"line":5},"1":{"name":"(anonymous_1)","decl":{"start":{"line":12,"column":26},"end":{"line":12,"column":27}},"loc":{"start":{"line":12,"column":36},"end":{"line":12,"column":65}},"line":12}},"branchMap":{"0":{"loc":{"start":{"line":5,"column":17},"end":{"line":5,"column":37}},"type":"default-arg","locations":[{"start":{"line":5,"column":25},"end":{"line":5,"column":37}}],"line":5},"1":{"loc":{"start":{"line":6,"column":2},"end":{"line":17,"column":3}},"type":"switch","locations":[{"start":{"line":7,"column":4},"end":{"line":8,"column":27}},{"start":{"line":9,"column":4},"end":{"line":10,"column":38}},{"start":{"line":11,"column":4},"end":{"line":12,"column":66}},{"start":{"line":13,"column":4},"end":{"line":14,"column":25}},{"start":{"line":15,"column":4},"end":{"line":16,"column":18}}],"line":6}},"s":{"0":1,"1":1,"2":2,"3":1,"4":0,"5":0,"6":0,"7":0,"8":1},"f":{"0":2,"1":0},"b":{"0":[2],"1":[1,0,0,0,1]},"_coverageSchema":"1a1c01bbd47fc00a2c39e90264f33305004495a9","hash":"33fe00260071a871429a009da379d6c0236706f5"}
,"/Users/brenmurrell/dev/personal/vinylbase/client/reducers/mock-data.js": {"path":"/Users/brenmurrell/dev/personal/vinylbase/client/reducers/mock-data.js","statementMap":{"0":{"start":{"line":1,"column":20},"end":{"line":179,"column":1}}},"fnMap":{},"branchMap":{},"s":{"0":5},"f":{},"b":{},"_coverageSchema":"1a1c01bbd47fc00a2c39e90264f33305004495a9","hash":"9f240b8672f0c1bcc94d2d95438896cfdc034b27"}
,"/Users/brenmurrell/dev/personal/vinylbase/server/db/dbFunctions.js": {"path":"/Users/brenmurrell/dev/personal/vinylbase/server/db/dbFunctions.js","statementMap":{"0":{"start":{"line":1,"column":13},"end":{"line":1,"column":28}},"1":{"start":{"line":2,"column":15},"end":{"line":2,"column":36}},"2":{"start":{"line":3,"column":12},"end":{"line":3,"column":49}},"3":{"start":{"line":5,"column":19},"end":{"line":5,"column":36}},"4":{"start":{"line":8,"column":2},"end":{"line":9,"column":24}},"5":{"start":{"line":13,"column":2},"end":{"line":16,"column":12}},"6":{"start":{"line":20,"column":2},"end":{"line":20,"column":37}},"7":{"start":{"line":24,"column":2},"end":{"line":26,"column":20}},"8":{"start":{"line":30,"column":2},"end":{"line":35,"column":6}},"9":{"start":{"line":34,"column":6},"end":{"line":34,"column":16}},"10":{"start":{"line":39,"column":2},"end":{"line":42,"column":24}},"11":{"start":{"line":46,"column":2},"end":{"line":50,"column":26}},"12":{"start":{"line":54,"column":2},"end":{"line":57,"column":24}},"13":{"start":{"line":61,"column":2},"end":{"line":63,"column":25}},"14":{"start":{"line":67,"column":2},"end":{"line":68,"column":21}},"15":{"start":{"line":72,"column":2},"end":{"line":74,"column":25}},"16":{"start":{"line":77,"column":22},"end":{"line":81,"column":1}},"17":{"start":{"line":78,"column":2},"end":{"line":80,"column":34}},"18":{"start":{"line":83,"column":23},"end":{"line":88,"column":1}},"19":{"start":{"line":84,"column":2},"end":{"line":87,"column":12}},"20":{"start":{"line":90,"column":21},"end":{"line":93,"column":1}},"21":{"start":{"line":91,"column":2},"end":{"line":92,"column":25}},"22":{"start":{"line":95,"column":24},"end":{"line":99,"column":1}},"23":{"start":{"line":96,"column":2},"end":{"line":98,"column":20}},"24":{"start":{"line":101,"column":24},"end":{"line":105,"column":1}},"25":{"start":{"line":102,"column":2},"end":{"line":104,"column":20}},"26":{"start":{"line":107,"column":0},"end":{"line":124,"column":1}}},"fnMap":{"0":{"name":"getArtistsAll","decl":{"start":{"line":7,"column":9},"end":{"line":7,"column":22}},"loc":{"start":{"line":7,"column":61},"end":{"line":10,"column":1}},"line":7},"1":{"name":"getArtistById","decl":{"start":{"line":12,"column":9},"end":{"line":12,"column":22}},"loc":{"start":{"line":12,"column":43},"end":{"line":17,"column":1}},"line":12},"2":{"name":"addArtist","decl":{"start":{"line":19,"column":9},"end":{"line":19,"column":18}},"loc":{"start":{"line":19,"column":44},"end":{"line":21,"column":1}},"line":19},"3":{"name":"updateArtist","decl":{"start":{"line":23,"column":9},"end":{"line":23,"column":21}},"loc":{"start":{"line":23,"column":49},"end":{"line":27,"column":1}},"line":23},"4":{"name":"deleteArtist","decl":{"start":{"line":29,"column":9},"end":{"line":29,"column":21}},"loc":{"start":{"line":29,"column":43},"end":{"line":36,"column":1}},"line":29},"5":{"name":"(anonymous_5)","decl":{"start":{"line":33,"column":10},"end":{"line":33,"column":11}},"loc":{"start":{"line":33,"column":17},"end":{"line":35,"column":5}},"line":33},"6":{"name":"getAlbumsAll","decl":{"start":{"line":38,"column":9},"end":{"line":38,"column":21}},"loc":{"start":{"line":38,"column":60},"end":{"line":43,"column":1}},"line":38},"7":{"name":"getAlbumById","decl":{"start":{"line":45,"column":9},"end":{"line":45,"column":21}},"loc":{"start":{"line":45,"column":43},"end":{"line":51,"column":1}},"line":45},"8":{"name":"getAlbumsByArtist","decl":{"start":{"line":53,"column":9},"end":{"line":53,"column":26}},"loc":{"start":{"line":53,"column":75},"end":{"line":58,"column":1}},"line":53},"9":{"name":"updateAlbum","decl":{"start":{"line":60,"column":9},"end":{"line":60,"column":20}},"loc":{"start":{"line":60,"column":56},"end":{"line":64,"column":1}},"line":60},"10":{"name":"addAlbum","decl":{"start":{"line":66,"column":9},"end":{"line":66,"column":17}},"loc":{"start":{"line":66,"column":45},"end":{"line":69,"column":1}},"line":66},"11":{"name":"deleteAlbum","decl":{"start":{"line":71,"column":9},"end":{"line":71,"column":20}},"loc":{"start":{"line":71,"column":47},"end":{"line":75,"column":1}},"line":71},"12":{"name":"(anonymous_12)","decl":{"start":{"line":77,"column":22},"end":{"line":77,"column":23}},"loc":{"start":{"line":77,"column":43},"end":{"line":81,"column":1}},"line":77},"13":{"name":"(anonymous_13)","decl":{"start":{"line":83,"column":23},"end":{"line":83,"column":24}},"loc":{"start":{"line":83,"column":48},"end":{"line":88,"column":1}},"line":83},"14":{"name":"(anonymous_14)","decl":{"start":{"line":90,"column":21},"end":{"line":90,"column":22}},"loc":{"start":{"line":90,"column":56},"end":{"line":93,"column":1}},"line":90},"15":{"name":"(anonymous_15)","decl":{"start":{"line":95,"column":24},"end":{"line":95,"column":25}},"loc":{"start":{"line":95,"column":58},"end":{"line":99,"column":1}},"line":95},"16":{"name":"(anonymous_16)","decl":{"start":{"line":101,"column":24},"end":{"line":101,"column":25}},"loc":{"start":{"line":101,"column":49},"end":{"line":105,"column":1}},"line":101}},"branchMap":{"0":{"loc":{"start":{"line":3,"column":12},"end":{"line":3,"column":49}},"type":"binary-expr","locations":[{"start":{"line":3,"column":12},"end":{"line":3,"column":32}},{"start":{"line":3,"column":36},"end":{"line":3,"column":49}}],"line":3},"1":{"loc":{"start":{"line":7,"column":23},"end":{"line":7,"column":42}},"type":"default-arg","locations":[{"start":{"line":7,"column":36},"end":{"line":7,"column":42}}],"line":7},"2":{"loc":{"start":{"line":7,"column":44},"end":{"line":7,"column":59}},"type":"default-arg","locations":[{"start":{"line":7,"column":49},"end":{"line":7,"column":59}}],"line":7},"3":{"loc":{"start":{"line":12,"column":27},"end":{"line":12,"column":42}},"type":"default-arg","locations":[{"start":{"line":12,"column":32},"end":{"line":12,"column":42}}],"line":12},"4":{"loc":{"start":{"line":19,"column":27},"end":{"line":19,"column":42}},"type":"default-arg","locations":[{"start":{"line":19,"column":32},"end":{"line":19,"column":42}}],"line":19},"5":{"loc":{"start":{"line":23,"column":32},"end":{"line":23,"column":47}},"type":"default-arg","locations":[{"start":{"line":23,"column":37},"end":{"line":23,"column":47}}],"line":23},"6":{"loc":{"start":{"line":29,"column":26},"end":{"line":29,"column":41}},"type":"default-arg","locations":[{"start":{"line":29,"column":31},"end":{"line":29,"column":41}}],"line":29},"7":{"loc":{"start":{"line":38,"column":22},"end":{"line":38,"column":41}},"type":"default-arg","locations":[{"start":{"line":38,"column":35},"end":{"line":38,"column":41}}],"line":38},"8":{"loc":{"start":{"line":38,"column":43},"end":{"line":38,"column":58}},"type":"default-arg","locations":[{"start":{"line":38,"column":48},"end":{"line":38,"column":58}}],"line":38},"9":{"loc":{"start":{"line":45,"column":26},"end":{"line":45,"column":41}},"type":"default-arg","locations":[{"start":{"line":45,"column":31},"end":{"line":45,"column":41}}],"line":45},"10":{"loc":{"start":{"line":53,"column":37},"end":{"line":53,"column":56}},"type":"default-arg","locations":[{"start":{"line":53,"column":50},"end":{"line":53,"column":56}}],"line":53},"11":{"loc":{"start":{"line":53,"column":58},"end":{"line":53,"column":73}},"type":"default-arg","locations":[{"start":{"line":53,"column":63},"end":{"line":53,"column":73}}],"line":53},"12":{"loc":{"start":{"line":60,"column":39},"end":{"line":60,"column":54}},"type":"default-arg","locations":[{"start":{"line":60,"column":44},"end":{"line":60,"column":54}}],"line":60},"13":{"loc":{"start":{"line":66,"column":28},"end":{"line":66,"column":43}},"type":"default-arg","locations":[{"start":{"line":66,"column":33},"end":{"line":66,"column":43}}],"line":66},"14":{"loc":{"start":{"line":71,"column":30},"end":{"line":71,"column":45}},"type":"default-arg","locations":[{"start":{"line":71,"column":35},"end":{"line":71,"column":45}}],"line":71},"15":{"loc":{"start":{"line":77,"column":23},"end":{"line":77,"column":38}},"type":"default-arg","locations":[{"start":{"line":77,"column":28},"end":{"line":77,"column":38}}],"line":77},"16":{"loc":{"start":{"line":83,"column":28},"end":{"line":83,"column":43}},"type":"default-arg","locations":[{"start":{"line":83,"column":33},"end":{"line":83,"column":43}}],"line":83},"17":{"loc":{"start":{"line":90,"column":36},"end":{"line":90,"column":51}},"type":"default-arg","locations":[{"start":{"line":90,"column":41},"end":{"line":90,"column":51}}],"line":90},"18":{"loc":{"start":{"line":95,"column":38},"end":{"line":95,"column":53}},"type":"default-arg","locations":[{"start":{"line":95,"column":43},"end":{"line":95,"column":53}}],"line":95},"19":{"loc":{"start":{"line":101,"column":29},"end":{"line":101,"column":44}},"type":"default-arg","locations":[{"start":{"line":101,"column":34},"end":{"line":101,"column":44}}],"line":101}},"s":{"0":1,"1":1,"2":1,"3":1,"4":2,"5":4,"6":1,"7":1,"8":1,"9":1,"10":2,"11":3,"12":2,"13":1,"14":1,"15":1,"16":1,"17":2,"18":1,"19":3,"20":1,"21":1,"22":1,"23":1,"24":1,"25":1,"26":1},"f":{"0":2,"1":4,"2":1,"3":1,"4":1,"5":1,"6":2,"7":3,"8":2,"9":1,"10":1,"11":1,"12":2,"13":3,"14":1,"15":1,"16":1},"b":{"0":[1,0],"1":[0],"2":[0],"3":[0],"4":[0],"5":[0],"6":[0],"7":[0],"8":[0],"9":[0],"10":[0],"11":[0],"12":[0],"13":[0],"14":[0],"15":[0],"16":[0],"17":[0],"18":[0],"19":[0]},"_coverageSchema":"1a1c01bbd47fc00a2c39e90264f33305004495a9","hash":"7a38deac5effb828737c7d6c0b326adf076d1c87"}
,"/Users/brenmurrell/dev/personal/vinylbase/server/db/knexfile.js": {"path":"/Users/brenmurrell/dev/personal/vinylbase/server/db/knexfile.js","statementMap":{"0":{"start":{"line":1,"column":13},"end":{"line":1,"column":28}},"1":{"start":{"line":3,"column":0},"end":{"line":37,"column":1}}},"fnMap":{},"branchMap":{},"s":{"0":1,"1":1},"f":{},"b":{},"_coverageSchema":"1a1c01bbd47fc00a2c39e90264f33305004495a9","hash":"c1db8c36d0d83bcc00d6a726fe9ddb965980025f"}
,"/Users/brenmurrell/dev/personal/vinylbase/server/db/migrations/20201026111452_albums.js": {"path":"/Users/brenmurrell/dev/personal/vinylbase/server/db/migrations/20201026111452_albums.js","statementMap":{"0":{"start":{"line":2,"column":0},"end":{"line":12,"column":2}},"1":{"start":{"line":3,"column":2},"end":{"line":11,"column":4}},"2":{"start":{"line":4,"column":4},"end":{"line":4,"column":26}},"3":{"start":{"line":5,"column":4},"end":{"line":5,"column":24}},"4":{"start":{"line":6,"column":4},"end":{"line":6,"column":27}},"5":{"start":{"line":7,"column":4},"end":{"line":7,"column":29}},"6":{"start":{"line":8,"column":4},"end":{"line":8,"column":25}},"7":{"start":{"line":9,"column":4},"end":{"line":9,"column":25}},"8":{"start":{"line":10,"column":4},"end":{"line":10,"column":29}},"9":{"start":{"line":14,"column":0},"end":{"line":16,"column":2}},"10":{"start":{"line":15,"column":2},"end":{"line":15,"column":40}}},"fnMap":{"0":{"name":"(anonymous_0)","decl":{"start":{"line":2,"column":13},"end":{"line":2,"column":14}},"loc":{"start":{"line":2,"column":28},"end":{"line":12,"column":1}},"line":2},"1":{"name":"(anonymous_1)","decl":{"start":{"line":3,"column":43},"end":{"line":3,"column":44}},"loc":{"start":{"line":3,"column":54},"end":{"line":11,"column":3}},"line":3},"2":{"name":"(anonymous_2)","decl":{"start":{"line":14,"column":15},"end":{"line":14,"column":16}},"loc":{"start":{"line":14,"column":30},"end":{"line":16,"column":1}},"line":14}},"branchMap":{},"s":{"0":1,"1":1,"2":1,"3":1,"4":1,"5":1,"6":1,"7":1,"8":1,"9":1,"10":0},"f":{"0":1,"1":1,"2":0},"b":{},"_coverageSchema":"1a1c01bbd47fc00a2c39e90264f33305004495a9","hash":"414881d04c40bbaf6ba15a4decbc4bf7d185f9ba"}
,"/Users/brenmurrell/dev/personal/vinylbase/server/db/migrations/20201026112116_artists.js": {"path":"/Users/brenmurrell/dev/personal/vinylbase/server/db/migrations/20201026112116_artists.js","statementMap":{"0":{"start":{"line":2,"column":0},"end":{"line":7,"column":2}},"1":{"start":{"line":3,"column":2},"end":{"line":6,"column":4}},"2":{"start":{"line":4,"column":4},"end":{"line":4,"column":26}},"3":{"start":{"line":5,"column":4},"end":{"line":5,"column":24}},"4":{"start":{"line":9,"column":0},"end":{"line":11,"column":2}},"5":{"start":{"line":10,"column":2},"end":{"line":10,"column":41}}},"fnMap":{"0":{"name":"(anonymous_0)","decl":{"start":{"line":2,"column":13},"end":{"line":2,"column":14}},"loc":{"start":{"line":2,"column":28},"end":{"line":7,"column":1}},"line":2},"1":{"name":"(anonymous_1)","decl":{"start":{"line":3,"column":44},"end":{"line":3,"column":45}},"loc":{"start":{"line":3,"column":55},"end":{"line":6,"column":3}},"line":3},"2":{"name":"(anonymous_2)","decl":{"start":{"line":9,"column":15},"end":{"line":9,"column":16}},"loc":{"start":{"line":9,"column":30},"end":{"line":11,"column":1}},"line":9}},"branchMap":{},"s":{"0":1,"1":1,"2":1,"3":1,"4":1,"5":0},"f":{"0":1,"1":1,"2":0},"b":{},"_coverageSchema":"1a1c01bbd47fc00a2c39e90264f33305004495a9","hash":"25b3665889ee9989195463b12d4ba9b517b7cebe"}
,"/Users/brenmurrell/dev/personal/vinylbase/server/db/migrations/20201029182437_changelog.js": {"path":"/Users/brenmurrell/dev/personal/vinylbase/server/db/migrations/20201029182437_changelog.js","statementMap":{"0":{"start":{"line":2,"column":0},"end":{"line":9,"column":2}},"1":{"start":{"line":3,"column":2},"end":{"line":8,"column":4}},"2":{"start":{"line":4,"column":4},"end":{"line":4,"column":26}},"3":{"start":{"line":5,"column":4},"end":{"line":5,"column":27}},"4":{"start":{"line":6,"column":4},"end":{"line":6,"column":22}},"5":{"start":{"line":7,"column":4},"end":{"line":7,"column":29}},"6":{"start":{"line":11,"column":0},"end":{"line":13,"column":2}},"7":{"start":{"line":12,"column":2},"end":{"line":12,"column":43}}},"fnMap":{"0":{"name":"(anonymous_0)","decl":{"start":{"line":2,"column":13},"end":{"line":2,"column":14}},"loc":{"start":{"line":2,"column":28},"end":{"line":9,"column":1}},"line":2},"1":{"name":"(anonymous_1)","decl":{"start":{"line":3,"column":46},"end":{"line":3,"column":47}},"loc":{"start":{"line":3,"column":57},"end":{"line":8,"column":3}},"line":3},"2":{"name":"(anonymous_2)","decl":{"start":{"line":11,"column":15},"end":{"line":11,"column":16}},"loc":{"start":{"line":11,"column":30},"end":{"line":13,"column":1}},"line":11}},"branchMap":{},"s":{"0":1,"1":1,"2":1,"3":1,"4":1,"5":1,"6":1,"7":0},"f":{"0":1,"1":1,"2":0},"b":{},"_coverageSchema":"1a1c01bbd47fc00a2c39e90264f33305004495a9","hash":"e5701e6e164e94d1836f1672d53e573c99ee6fdc"}
,"/Users/brenmurrell/dev/personal/vinylbase/server/db/migrations/20201030125444_changelog-created.js": {"path":"/Users/brenmurrell/dev/personal/vinylbase/server/db/migrations/20201030125444_changelog-created.js","statementMap":{"0":{"start":{"line":2,"column":0},"end":{"line":12,"column":2}},"1":{"start":{"line":3,"column":2},"end":{"line":11,"column":4}},"2":{"start":{"line":4,"column":4},"end":{"line":4,"column":34}},"3":{"start":{"line":5,"column":4},"end":{"line":5,"column":34}},"4":{"start":{"line":8,"column":4},"end":{"line":10,"column":6}},"5":{"start":{"line":9,"column":6},"end":{"line":9,"column":32}},"6":{"start":{"line":14,"column":0},"end":{"line":24,"column":2}},"7":{"start":{"line":15,"column":2},"end":{"line":23,"column":4}},"8":{"start":{"line":16,"column":4},"end":{"line":16,"column":34}},"9":{"start":{"line":20,"column":4},"end":{"line":22,"column":6}},"10":{"start":{"line":21,"column":6},"end":{"line":21,"column":24}}},"fnMap":{"0":{"name":"(anonymous_0)","decl":{"start":{"line":2,"column":13},"end":{"line":2,"column":14}},"loc":{"start":{"line":2,"column":28},"end":{"line":12,"column":1}},"line":2},"1":{"name":"(anonymous_1)","decl":{"start":{"line":3,"column":40},"end":{"line":3,"column":41}},"loc":{"start":{"line":3,"column":49},"end":{"line":6,"column":3}},"line":3},"2":{"name":"(anonymous_2)","decl":{"start":{"line":7,"column":8},"end":{"line":7,"column":9}},"loc":{"start":{"line":7,"column":14},"end":{"line":11,"column":3}},"line":7},"3":{"name":"(anonymous_3)","decl":{"start":{"line":8,"column":42},"end":{"line":8,"column":43}},"loc":{"start":{"line":8,"column":51},"end":{"line":10,"column":5}},"line":8},"4":{"name":"(anonymous_4)","decl":{"start":{"line":14,"column":15},"end":{"line":14,"column":16}},"loc":{"start":{"line":14,"column":30},"end":{"line":24,"column":1}},"line":14},"5":{"name":"(anonymous_5)","decl":{"start":{"line":15,"column":40},"end":{"line":15,"column":41}},"loc":{"start":{"line":15,"column":49},"end":{"line":18,"column":3}},"line":15},"6":{"name":"(anonymous_6)","decl":{"start":{"line":19,"column":8},"end":{"line":19,"column":9}},"loc":{"start":{"line":19,"column":14},"end":{"line":23,"column":3}},"line":19},"7":{"name":"(anonymous_7)","decl":{"start":{"line":20,"column":42},"end":{"line":20,"column":43}},"loc":{"start":{"line":20,"column":51},"end":{"line":22,"column":5}},"line":20}},"branchMap":{},"s":{"0":1,"1":1,"2":1,"3":1,"4":1,"5":1,"6":1,"7":0,"8":0,"9":0,"10":0},"f":{"0":1,"1":1,"2":1,"3":1,"4":0,"5":0,"6":0,"7":0},"b":{},"_coverageSchema":"1a1c01bbd47fc00a2c39e90264f33305004495a9","hash":"36ba941fc229133f082381cf70388c37c425b33e"}
,"/Users/brenmurrell/dev/personal/vinylbase/server/db/migrations/20201030135502_recreate-albums.js": {"path":"/Users/brenmurrell/dev/personal/vinylbase/server/db/migrations/20201030135502_recreate-albums.js","statementMap":{"0":{"start":{"line":1,"column":0},"end":{"line":14,"column":2}},"1":{"start":{"line":2,"column":2},"end":{"line":13,"column":6}},"2":{"start":{"line":4,"column":6},"end":{"line":12,"column":8}},"3":{"start":{"line":5,"column":8},"end":{"line":5,"column":30}},"4":{"start":{"line":6,"column":8},"end":{"line":6,"column":28}},"5":{"start":{"line":7,"column":8},"end":{"line":7,"column":31}},"6":{"start":{"line":8,"column":8},"end":{"line":8,"column":33}},"7":{"start":{"line":9,"column":8},"end":{"line":9,"column":29}},"8":{"start":{"line":10,"column":8},"end":{"line":10,"column":29}},"9":{"start":{"line":11,"column":8},"end":{"line":11,"column":33}},"10":{"start":{"line":16,"column":0},"end":{"line":18,"column":2}},"11":{"start":{"line":17,"column":2},"end":{"line":17,"column":40}}},"fnMap":{"0":{"name":"(anonymous_0)","decl":{"start":{"line":1,"column":13},"end":{"line":1,"column":14}},"loc":{"start":{"line":1,"column":28},"end":{"line":14,"column":1}},"line":1},"1":{"name":"(anonymous_1)","decl":{"start":{"line":3,"column":10},"end":{"line":3,"column":11}},"loc":{"start":{"line":3,"column":16},"end":{"line":13,"column":5}},"line":3},"2":{"name":"(anonymous_2)","decl":{"start":{"line":4,"column":47},"end":{"line":4,"column":48}},"loc":{"start":{"line":4,"column":58},"end":{"line":12,"column":7}},"line":4},"3":{"name":"(anonymous_3)","decl":{"start":{"line":16,"column":15},"end":{"line":16,"column":16}},"loc":{"start":{"line":16,"column":30},"end":{"line":18,"column":1}},"line":16}},"branchMap":{},"s":{"0":1,"1":1,"2":1,"3":1,"4":1,"5":1,"6":1,"7":1,"8":1,"9":1,"10":1,"11":0},"f":{"0":1,"1":1,"2":1,"3":0},"b":{},"_coverageSchema":"1a1c01bbd47fc00a2c39e90264f33305004495a9","hash":"ddf31a3dbda4839a6f52cceb889aac208ee68989"}
,"/Users/brenmurrell/dev/personal/vinylbase/server/db/migrations/20201030135508_recreate-artists.js": {"path":"/Users/brenmurrell/dev/personal/vinylbase/server/db/migrations/20201030135508_recreate-artists.js","statementMap":{"0":{"start":{"line":2,"column":0},"end":{"line":10,"column":2}},"1":{"start":{"line":3,"column":2},"end":{"line":9,"column":6}},"2":{"start":{"line":5,"column":6},"end":{"line":8,"column":8}},"3":{"start":{"line":6,"column":8},"end":{"line":6,"column":30}},"4":{"start":{"line":7,"column":8},"end":{"line":7,"column":28}},"5":{"start":{"line":12,"column":0},"end":{"line":14,"column":2}},"6":{"start":{"line":13,"column":2},"end":{"line":13,"column":41}}},"fnMap":{"0":{"name":"(anonymous_0)","decl":{"start":{"line":2,"column":13},"end":{"line":2,"column":14}},"loc":{"start":{"line":2,"column":28},"end":{"line":10,"column":1}},"line":2},"1":{"name":"(anonymous_1)","decl":{"start":{"line":4,"column":10},"end":{"line":4,"column":11}},"loc":{"start":{"line":4,"column":16},"end":{"line":9,"column":5}},"line":4},"2":{"name":"(anonymous_2)","decl":{"start":{"line":5,"column":48},"end":{"line":5,"column":49}},"loc":{"start":{"line":5,"column":59},"end":{"line":8,"column":7}},"line":5},"3":{"name":"(anonymous_3)","decl":{"start":{"line":12,"column":15},"end":{"line":12,"column":16}},"loc":{"start":{"line":12,"column":30},"end":{"line":14,"column":1}},"line":12}},"branchMap":{},"s":{"0":1,"1":1,"2":1,"3":1,"4":1,"5":1,"6":0},"f":{"0":1,"1":1,"2":1,"3":0},"b":{},"_coverageSchema":"1a1c01bbd47fc00a2c39e90264f33305004495a9","hash":"4c91a502a0a7566a4abc190628293de9a1b48e6d"}
,"/Users/brenmurrell/dev/personal/vinylbase/server/db/migrations/20201123121851_users.js": {"path":"/Users/brenmurrell/dev/personal/vinylbase/server/db/migrations/20201123121851_users.js","statementMap":{"0":{"start":{"line":1,"column":0},"end":{"line":7,"column":1}},"1":{"start":{"line":2,"column":2},"end":{"line":6,"column":4}},"2":{"start":{"line":3,"column":4},"end":{"line":3,"column":26}},"3":{"start":{"line":4,"column":4},"end":{"line":4,"column":28}},"4":{"start":{"line":5,"column":4},"end":{"line":5,"column":24}},"5":{"start":{"line":9,"column":0},"end":{"line":11,"column":1}},"6":{"start":{"line":10,"column":2},"end":{"line":10,"column":39}}},"fnMap":{"0":{"name":"(anonymous_0)","decl":{"start":{"line":1,"column":13},"end":{"line":1,"column":14}},"loc":{"start":{"line":1,"column":32},"end":{"line":7,"column":1}},"line":1},"1":{"name":"(anonymous_1)","decl":{"start":{"line":2,"column":42},"end":{"line":2,"column":43}},"loc":{"start":{"line":2,"column":51},"end":{"line":6,"column":3}},"line":2},"2":{"name":"(anonymous_2)","decl":{"start":{"line":9,"column":15},"end":{"line":9,"column":16}},"loc":{"start":{"line":9,"column":34},"end":{"line":11,"column":1}},"line":9}},"branchMap":{},"s":{"0":1,"1":1,"2":1,"3":1,"4":1,"5":1,"6":0},"f":{"0":1,"1":1,"2":0},"b":{},"_coverageSchema":"1a1c01bbd47fc00a2c39e90264f33305004495a9","hash":"d7d4c782e1728150c02a9857302afccce33162b9"}
,"/Users/brenmurrell/dev/personal/vinylbase/server/db/seeds/albums.js": {"path":"/Users/brenmurrell/dev/personal/vinylbase/server/db/seeds/albums.js","statementMap":{"0":{"start":{"line":2,"column":0},"end":{"line":89,"column":2}},"1":{"start":{"line":4,"column":2},"end":{"line":88,"column":7}},"2":{"start":{"line":7,"column":6},"end":{"line":87,"column":10}}},"fnMap":{"0":{"name":"(anonymous_0)","decl":{"start":{"line":2,"column":15},"end":{"line":2,"column":16}},"loc":{"start":{"line":2,"column":30},"end":{"line":89,"column":1}},"line":2},"1":{"name":"(anonymous_1)","decl":{"start":{"line":5,"column":10},"end":{"line":5,"column":11}},"loc":{"start":{"line":5,"column":22},"end":{"line":88,"column":5}},"line":5}},"branchMap":{},"s":{"0":1,"1":19,"2":19},"f":{"0":19,"1":19},"b":{},"_coverageSchema":"1a1c01bbd47fc00a2c39e90264f33305004495a9","hash":"3f2e0227c6dda6bb2b601c6a00afc3311341730b"}
,"/Users/brenmurrell/dev/personal/vinylbase/server/db/seeds/artists.js": {"path":"/Users/brenmurrell/dev/personal/vinylbase/server/db/seeds/artists.js","statementMap":{"0":{"start":{"line":2,"column":0},"end":{"line":33,"column":2}},"1":{"start":{"line":4,"column":2},"end":{"line":32,"column":7}},"2":{"start":{"line":7,"column":6},"end":{"line":31,"column":10}}},"fnMap":{"0":{"name":"(anonymous_0)","decl":{"start":{"line":2,"column":15},"end":{"line":2,"column":16}},"loc":{"start":{"line":2,"column":30},"end":{"line":33,"column":1}},"line":2},"1":{"name":"(anonymous_1)","decl":{"start":{"line":5,"column":10},"end":{"line":5,"column":11}},"loc":{"start":{"line":5,"column":22},"end":{"line":32,"column":5}},"line":5}},"branchMap":{},"s":{"0":1,"1":19,"2":19},"f":{"0":19,"1":19},"b":{},"_coverageSchema":"1a1c01bbd47fc00a2c39e90264f33305004495a9","hash":"75a103e43b037063404b776623c8120bb6edbb75"}
,"/Users/brenmurrell/dev/personal/vinylbase/server/db/seeds/changelog.js": {"path":"/Users/brenmurrell/dev/personal/vinylbase/server/db/seeds/changelog.js","statementMap":{"0":{"start":{"line":2,"column":0},"end":{"line":14,"column":2}},"1":{"start":{"line":4,"column":2},"end":{"line":13,"column":7}},"2":{"start":{"line":7,"column":6},"end":{"line":12,"column":9}}},"fnMap":{"0":{"name":"(anonymous_0)","decl":{"start":{"line":2,"column":15},"end":{"line":2,"column":16}},"loc":{"start":{"line":2,"column":30},"end":{"line":14,"column":1}},"line":2},"1":{"name":"(anonymous_1)","decl":{"start":{"line":5,"column":10},"end":{"line":5,"column":11}},"loc":{"start":{"line":5,"column":22},"end":{"line":13,"column":5}},"line":5}},"branchMap":{},"s":{"0":1,"1":19,"2":19},"f":{"0":19,"1":19},"b":{},"_coverageSchema":"1a1c01bbd47fc00a2c39e90264f33305004495a9","hash":"c4974c7e3e9c037281749e06486dc6b0957ec457"}
,"/Users/brenmurrell/dev/personal/vinylbase/server/db/seeds/z_sequence.js": {"path":"/Users/brenmurrell/dev/personal/vinylbase/server/db/seeds/z_sequence.js","statementMap":{"0":{"start":{"line":1,"column":0},"end":{"line":19,"column":1}},"1":{"start":{"line":3,"column":2},"end":{"line":18,"column":3}},"2":{"start":{"line":4,"column":4},"end":{"line":17,"column":6}},"3":{"start":{"line":6,"column":6},"end":{"line":16,"column":8}},"4":{"start":{"line":7,"column":8},"end":{"line":7,"column":32}},"5":{"start":{"line":8,"column":25},"end":{"line":8,"column":44}},"6":{"start":{"line":9,"column":22},"end":{"line":9,"column":53}},"7":{"start":{"line":10,"column":8},"end":{"line":10,"column":36}},"8":{"start":{"line":11,"column":8},"end":{"line":11,"column":88}},"9":{"start":{"line":12,"column":8},"end":{"line":12,"column":91}},"10":{"start":{"line":15,"column":8},"end":{"line":15,"column":28}}},"fnMap":{"0":{"name":"(anonymous_0)","decl":{"start":{"line":1,"column":15},"end":{"line":1,"column":16}},"loc":{"start":{"line":1,"column":25},"end":{"line":19,"column":1}},"line":1},"1":{"name":"(anonymous_1)","decl":{"start":{"line":5,"column":10},"end":{"line":5,"column":11}},"loc":{"start":{"line":5,"column":23},"end":{"line":17,"column":5}},"line":5},"2":{"name":"(anonymous_2)","decl":{"start":{"line":6,"column":39},"end":{"line":6,"column":40}},"loc":{"start":{"line":6,"column":54},"end":{"line":13,"column":7}},"line":6},"3":{"name":"(anonymous_3)","decl":{"start":{"line":14,"column":12},"end":{"line":14,"column":13}},"loc":{"start":{"line":14,"column":23},"end":{"line":16,"column":7}},"line":14}},"branchMap":{"0":{"loc":{"start":{"line":3,"column":2},"end":{"line":18,"column":3}},"type":"if","locations":[{"start":{"line":3,"column":2},"end":{"line":18,"column":3}},{"start":{"line":3,"column":2},"end":{"line":18,"column":3}}],"line":3}},"s":{"0":1,"1":19,"2":0,"3":0,"4":0,"5":0,"6":0,"7":0,"8":0,"9":0,"10":0},"f":{"0":19,"1":0,"2":0,"3":0},"b":{"0":[0,19]},"_coverageSchema":"1a1c01bbd47fc00a2c39e90264f33305004495a9","hash":"ebf83b50943366ab02bf379503761703cf63ef12"}
}
