TN:
SF:client/actions/albums.js
FN:13,setAlbum
FN:20,pushAlbum
FN:27,fetchAlbum
FN:28,(anonymous_3)
FN:30,(anonymous_4)
FN:37,setAlbums
FN:44,setArtistAlbums
FN:51,(anonymous_7)
FN:57,fetchAlbums
FN:58,(anonymous_9)
FN:60,(anonymous_10)
FN:68,fetchAlbumsByArtist
FN:69,(anonymous_12)
FN:71,(anonymous_13)
FN:78,addAlbum
FN:79,(anonymous_15)
FN:81,(anonymous_16)
FN:84,(anonymous_17)
FN:90,(anonymous_18)
FN:96,removeAlbumFromState
FN:103,removeAlbum
FN:104,(anonymous_21)
FN:106,(anonymous_22)
FNF:23
FNH:0
FNDA:0,setAlbum
FNDA:0,pushAlbum
FNDA:0,fetchAlbum
FNDA:0,(anonymous_3)
FNDA:0,(anonymous_4)
FNDA:0,setAlbums
FNDA:0,setArtistAlbums
FNDA:0,(anonymous_7)
FNDA:0,fetchAlbums
FNDA:0,(anonymous_9)
FNDA:0,(anonymous_10)
FNDA:0,fetchAlbumsByArtist
FNDA:0,(anonymous_12)
FNDA:0,(anonymous_13)
FNDA:0,addAlbum
FNDA:0,(anonymous_15)
FNDA:0,(anonymous_16)
FNDA:0,(anonymous_17)
FNDA:0,(anonymous_18)
FNDA:0,removeAlbumFromState
FNDA:0,removeAlbum
FNDA:0,(anonymous_21)
FNDA:0,(anonymous_22)
DA:3,3
DA:4,3
DA:5,3
DA:6,3
DA:7,3
DA:8,3
DA:9,3
DA:10,3
DA:11,3
DA:14,0
DA:21,0
DA:28,0
DA:29,0
DA:31,0
DA:32,0
DA:38,0
DA:45,0
DA:51,3
DA:52,0
DA:58,0
DA:59,0
DA:61,0
DA:62,0
DA:63,0
DA:69,0
DA:70,0
DA:72,0
DA:73,0
DA:79,0
DA:80,0
DA:82,0
DA:83,0
DA:85,0
DA:86,0
DA:87,0
DA:91,0
DA:97,0
DA:104,0
DA:105,0
DA:107,0
DA:108,0
LF:41
LH:10
BRF:0
BRH:0
end_of_record
TN:
SF:client/actions/artists.js
FN:11,setArtist
FN:18,addArtistToProps
FN:25,removeArtistFromStore
FN:32,insertArtist
FN:33,(anonymous_4)
FN:35,(anonymous_5)
FN:44,removeArtist
FN:45,(anonymous_7)
FN:47,(anonymous_8)
FN:53,(anonymous_9)
FN:59,fetchArtist
FN:60,(anonymous_11)
FN:62,(anonymous_12)
FN:69,setArtists
FN:76,fetchArtists
FN:77,(anonymous_15)
FN:79,(anonymous_16)
FNF:17
FNH:0
FNDA:0,setArtist
FNDA:0,addArtistToProps
FNDA:0,removeArtistFromStore
FNDA:0,insertArtist
FNDA:0,(anonymous_4)
FNDA:0,(anonymous_5)
FNDA:0,removeArtist
FNDA:0,(anonymous_7)
FNDA:0,(anonymous_8)
FNDA:0,(anonymous_9)
FNDA:0,fetchArtist
FNDA:0,(anonymous_11)
FNDA:0,(anonymous_12)
FNDA:0,setArtists
FNDA:0,fetchArtists
FNDA:0,(anonymous_15)
FNDA:0,(anonymous_16)
DA:3,2
DA:4,2
DA:5,2
DA:6,2
DA:7,2
DA:8,2
DA:9,2
DA:12,0
DA:19,0
DA:26,0
DA:33,0
DA:34,0
DA:36,0
DA:38,0
DA:39,0
DA:45,0
DA:46,0
DA:48,0
DA:49,0
DA:53,2
DA:54,0
DA:60,0
DA:61,0
DA:63,0
DA:64,0
DA:70,0
DA:77,0
DA:78,0
DA:80,0
DA:81,0
DA:82,0
LF:31
LH:8
BRF:0
BRH:0
end_of_record
TN:
SF:client/apis/albums.js
FN:5,getAlbums
FN:7,(anonymous_1)
FN:12,getAlbum
FN:14,(anonymous_3)
FN:19,getAlbumsByArtist
FN:21,(anonymous_5)
FN:26,addAlbumArt
FN:29,(anonymous_7)
FN:34,addAlbumData
FN:37,(anonymous_9)
FN:42,deleteAlbum
FN:45,(anonymous_11)
FNF:12
FNH:0
FNDA:0,getAlbums
FNDA:0,(anonymous_1)
FNDA:0,getAlbum
FNDA:0,(anonymous_3)
FNDA:0,getAlbumsByArtist
FNDA:0,(anonymous_5)
FNDA:0,addAlbumArt
FNDA:0,(anonymous_7)
FNDA:0,addAlbumData
FNDA:0,(anonymous_9)
FNDA:0,deleteAlbum
FNDA:0,(anonymous_11)
DA:3,3
DA:6,0
DA:8,0
DA:13,0
DA:15,0
DA:20,0
DA:22,0
DA:27,0
DA:30,0
DA:35,0
DA:38,0
DA:43,0
DA:46,0
LF:13
LH:1
BRF:0
BRH:0
end_of_record
TN:
SF:client/apis/artists.js
FN:5,getArtists
FN:7,(anonymous_1)
FN:12,deleteArtist
FN:14,(anonymous_3)
FN:19,getArtist
FN:21,(anonymous_5)
FN:26,addArtist
FN:29,(anonymous_7)
FNF:8
FNH:0
FNDA:0,getArtists
FNDA:0,(anonymous_1)
FNDA:0,deleteArtist
FNDA:0,(anonymous_3)
FNDA:0,getArtist
FNDA:0,(anonymous_5)
FNDA:0,addArtist
FNDA:0,(anonymous_7)
DA:3,2
DA:6,0
DA:8,0
DA:13,0
DA:15,0
DA:20,0
DA:22,0
DA:27,0
DA:30,0
LF:9
LH:1
BRF:0
BRH:0
end_of_record
TN:
SF:client/reducers/album.js
FN:5,(anonymous_0)
FNF:1
FNH:1
FNDA:3,(anonymous_0)
DA:3,1
DA:5,1
DA:6,3
DA:8,1
DA:10,1
DA:12,1
LF:6
LH:6
BRDA:5,0,0,2
BRDA:6,1,0,1
BRDA:6,1,1,1
BRDA:6,1,2,1
BRF:4
BRH:4
end_of_record
TN:
SF:client/reducers/albums.js
FN:5,(anonymous_0)
FN:12,(anonymous_1)
FNF:2
FNH:2
FNDA:5,(anonymous_0)
FNDA:12,(anonymous_1)
DA:3,1
DA:5,1
DA:6,5
DA:8,1
DA:10,1
DA:12,12
DA:14,1
DA:16,1
LF:8
LH:8
BRDA:5,0,0,2
BRDA:6,1,0,1
BRDA:6,1,1,1
BRDA:6,1,2,1
BRDA:6,1,3,1
BRDA:6,1,4,1
BRF:6
BRH:6
end_of_record
TN:
SF:client/reducers/artist.js
FN:5,(anonymous_0)
FNF:1
FNH:1
FNDA:3,(anonymous_0)
DA:3,1
DA:5,1
DA:6,3
DA:8,1
DA:10,1
DA:12,1
LF:6
LH:6
BRDA:5,0,0,2
BRDA:6,1,0,1
BRDA:6,1,1,1
BRDA:6,1,2,1
BRF:4
BRH:4
end_of_record
TN:
SF:client/reducers/artistAlbums.js
FN:5,(anonymous_0)
FNF:1
FNH:1
FNDA:3,(anonymous_0)
DA:3,1
DA:5,1
DA:6,3
DA:8,1
DA:10,1
DA:12,1
LF:6
LH:6
BRDA:5,0,0,2
BRDA:6,1,0,1
BRDA:6,1,1,1
BRDA:6,1,2,1
BRF:4
BRH:4
end_of_record
TN:
SF:client/reducers/artists.js
FN:5,(anonymous_0)
FN:12,(anonymous_1)
FNF:2
FNH:2
FNDA:5,(anonymous_0)
FNDA:9,(anonymous_1)
DA:3,1
DA:5,1
DA:6,5
DA:8,1
DA:10,1
DA:12,9
DA:14,1
DA:16,1
LF:8
LH:8
BRDA:5,0,0,2
BRDA:6,1,0,1
BRDA:6,1,1,1
BRDA:6,1,2,1
BRDA:6,1,3,1
BRDA:6,1,4,1
BRF:6
BRH:6
end_of_record
TN:
SF:client/reducers/mock-data.js
FNF:0
FNH:0
DA:1,5
LF:1
LH:1
BRF:0
BRH:0
end_of_record
